\BOOKMARK [1][-]{section.1}{\376\377\000R\000e\000s\000u\000m\000e\000n}{}% 1
\BOOKMARK [1][-]{section.2}{\376\377\000A\000b\000s\000t\000r\000a\000c\000t}{}% 2
\BOOKMARK [1][-]{section.3}{\376\377\000I\000n\000t\000r\000o\000d\000u\000c\000c\000i\000\363\000n}{}% 3
\BOOKMARK [1][-]{section.4}{\376\377\000E\000s\000t\000a\000d\000o\000\040\000d\000e\000l\000\040\000A\000r\000t\000e}{}% 4
\BOOKMARK [2][-]{subsection.4.1}{\376\377\000S\000i\000s\000t\000e\000m\000a\000s\000\040\000S\000C\000A\000D\000A\000\040\000y\000\040\000M\000o\000n\000i\000t\000o\000r\000e\000o\000\040\000I\000n\000d\000u\000s\000t\000r\000i\000a\000l}{section.4}% 5
\BOOKMARK [2][-]{subsection.4.2}{\376\377\000R\000e\000d\000e\000s\000\040\000d\000e\000\040\000S\000e\000n\000s\000o\000r\000e\000s\000\040\000I\000n\000a\000l\000\341\000m\000b\000r\000i\000c\000o\000s\000\040\000\050\000W\000S\000N\000\051\000\040\000y\000\040\000M\000Q\000T\000T}{section.4}% 6
\BOOKMARK [2][-]{subsection.4.3}{\376\377\000E\000d\000g\000e\000\040\000C\000o\000m\000p\000u\000t\000i\000n\000g\000\040\000y\000\040\000S\000i\000s\000t\000e\000m\000a\000s\000\040\000D\000i\000s\000t\000r\000i\000b\000u\000i\000d\000o\000s\000\040\000E\000m\000b\000e\000b\000i\000d\000o\000s}{section.4}% 7
\BOOKMARK [1][-]{section.5}{\376\377\000A\000r\000q\000u\000i\000t\000e\000c\000t\000u\000r\000a\000\040\000G\000e\000n\000e\000r\000a\000l\000\040\000d\000e\000l\000\040\000S\000i\000s\000t\000e\000m\000a}{}% 8
\BOOKMARK [2][-]{subsection.5.1}{\376\377\000D\000e\000s\000c\000r\000i\000p\000c\000i\000\363\000n\000\040\000d\000e\000l\000\040\000E\000c\000o\000s\000i\000s\000t\000e\000m\000a}{section.5}% 9
\BOOKMARK [2][-]{subsection.5.2}{\376\377\000F\000l\000u\000j\000o\000\040\000d\000e\000\040\000D\000a\000t\000o\000s\000\040\000y\000\040\000C\000o\000m\000u\000n\000i\000c\000a\000c\000i\000\363\000n}{section.5}% 10
\BOOKMARK [1][-]{section.6}{\376\377\000D\000i\000s\000e\000\361\000o\000\040\000d\000e\000\040\000H\000a\000r\000d\000w\000a\000r\000e}{}% 11
\BOOKMARK [2][-]{subsection.6.1}{\376\377\000N\000o\000d\000o\000s\000\040\000I\000o\000T\000\040\000P\000e\000r\000i\000f\000\351\000r\000i\000c\000o\000s\000\040\000\050\000C\000a\000p\000a\000\040\000d\000e\000\040\000A\000d\000q\000u\000i\000s\000i\000c\000i\000\363\000n\000\051}{section.6}% 12
\BOOKMARK [2][-]{subsection.6.2}{\376\377\000S\000e\000r\000v\000i\000d\000o\000r\000\040\000\050\000R\000a\000s\000p\000b\000e\000r\000r\000y\000\040\000P\000i\000\051}{section.6}% 13
\BOOKMARK [1][-]{section.7}{\376\377\000D\000i\000s\000e\000\361\000o\000\040\000d\000e\000\040\000S\000o\000f\000t\000w\000a\000r\000e\000\040\000y\000\040\000F\000i\000r\000m\000w\000a\000r\000e}{}% 14
\BOOKMARK [2][-]{subsection.7.1}{\376\377\000F\000i\000r\000m\000w\000a\000r\000e\000\040\000y\000\040\000G\000e\000s\000t\000i\000\363\000n\000\040\000d\000e\000\040\000T\000a\000r\000e\000a\000s\000\040\000\050\000F\000r\000e\000e\000R\000T\000O\000S\000\051}{section.7}% 15
\BOOKMARK [2][-]{subsection.7.2}{\376\377\000B\000a\000c\000k\000e\000n\000d\000\040\000y\000\040\000P\000e\000r\000s\000i\000s\000t\000e\000n\000c\000i\000a\000\040\000d\000e\000\040\000D\000a\000t\000o\000s\000\040\000\050\000D\000j\000a\000n\000g\000o\000\051}{section.7}% 16
\BOOKMARK [2][-]{subsection.7.3}{\376\377\000F\000r\000o\000n\000t\000e\000n\000d\000\040\000e\000\040\000I\000n\000t\000e\000r\000f\000a\000c\000e\000s\000\040\000d\000e\000\040\000U\000s\000u\000a\000r\000i\000o}{section.7}% 17
\BOOKMARK [1][-]{section.8}{\376\377\000C\000o\000m\000u\000n\000i\000c\000a\000c\000i\000\363\000n\000\040\000y\000\040\000P\000r\000o\000t\000o\000c\000o\000l\000o\000s}{}% 18
\BOOKMARK [2][-]{subsection.8.1}{\376\377\000P\000r\000o\000t\000o\000c\000o\000l\000o\000\040\000d\000e\000\040\000M\000e\000n\000s\000a\000j\000e\000r\000\355\000a\000:\000\040\000M\000Q\000T\000T}{section.8}% 19
\BOOKMARK [2][-]{subsection.8.2}{\376\377\000S\000e\000r\000i\000a\000l\000i\000z\000a\000c\000i\000\363\000n\000\040\000d\000e\000\040\000D\000a\000t\000o\000s\000:\000\040\000J\000S\000O\000N}{section.8}% 20
\BOOKMARK [2][-]{subsection.8.3}{\376\377\000I\000n\000t\000e\000r\000f\000a\000z\000\040\000d\000e\000\040\000D\000a\000t\000o\000s\000:\000\040\000A\000P\000I\000\040\000R\000E\000S\000T}{section.8}% 21
\BOOKMARK [2][-]{subsection.8.4}{\376\377\000C\000a\000p\000a\000\040\000d\000e\000\040\000R\000e\000d\000:\000\040\000W\000i\000F\000i\000\040\000y\000\040\000S\000e\000g\000u\000r\000i\000d\000a\000d}{section.8}% 22
\BOOKMARK [1][-]{section.9}{\376\377\000M\000e\000t\000o\000d\000o\000l\000o\000g\000\355\000a\000\040\000d\000e\000\040\000D\000e\000s\000a\000r\000r\000o\000l\000l\000o}{}% 23
\BOOKMARK [2][-]{subsection.9.1}{\376\377\000F\000a\000s\000e\000\040\0001\000:\000\040\000I\000n\000v\000e\000s\000t\000i\000g\000a\000c\000i\000\363\000n\000\040\000y\000\040\000S\000e\000l\000e\000c\000c\000i\000\363\000n\000\040\000d\000e\000\040\000C\000o\000m\000p\000o\000n\000e\000n\000t\000e\000s}{section.9}% 24
\BOOKMARK [2][-]{subsection.9.2}{\376\377\000F\000a\000s\000e\000\040\0002\000:\000\040\000P\000r\000o\000t\000o\000t\000i\000p\000a\000d\000o\000\040\000y\000\040\000F\000i\000r\000m\000w\000a\000r\000e\000\040\000d\000e\000\040\000N\000o\000d\000o\000s\000\040\000\050\000E\000S\000P\0003\0002\000\051}{section.9}% 25
\BOOKMARK [2][-]{subsection.9.3}{\376\377\000F\000a\000s\000e\000\040\0003\000:\000\040\000I\000n\000f\000r\000a\000e\000s\000t\000r\000u\000c\000t\000u\000r\000a\000\040\000d\000e\000\040\000R\000e\000d}{section.9}% 26
\BOOKMARK [2][-]{subsection.9.4}{\376\377\000F\000a\000s\000e\000\040\0004\000:\000\040\000D\000e\000s\000a\000r\000r\000o\000l\000l\000o\000\040\000d\000e\000l\000\040\000B\000a\000c\000k\000e\000n\000d\000\040\000y\000\040\000D\000a\000s\000h\000b\000o\000a\000r\000d}{section.9}% 27
\BOOKMARK [2][-]{subsection.9.5}{\376\377\000F\000a\000s\000e\000\040\0005\000:\000\040\000I\000n\000t\000e\000g\000r\000a\000c\000i\000\363\000n\000\040\000y\000\040\000P\000r\000u\000e\000b\000a\000s\000\040\000d\000e\000\040\000C\000a\000m\000p\000o}{section.9}% 28
\BOOKMARK [2][-]{subsection.9.6}{\376\377\000F\000a\000s\000e\000\040\0006\000:\000\040\000A\000u\000t\000o\000m\000a\000t\000i\000z\000a\000c\000i\000\363\000n\000\040\000y\000\040\000O\000p\000t\000i\000m\000i\000z\000a\000c\000i\000\363\000n}{section.9}% 29
\BOOKMARK [1][-]{section.10}{\376\377\000F\000u\000n\000c\000i\000o\000n\000a\000m\000i\000e\000n\000t\000o\000\040\000y\000\040\000L\000\363\000g\000i\000c\000a\000\040\000d\000e\000\040\000C\000o\000n\000t\000r\000o\000l}{}% 30
\BOOKMARK [2][-]{subsection.10.1}{\376\377\000A\000l\000g\000o\000r\000i\000t\000m\000o\000\040\000d\000e\000\040\000D\000e\000t\000e\000c\000c\000i\000\363\000n\000\040\000y\000\040\000D\000e\000c\000i\000s\000i\000\363\000n}{section.10}% 31
\BOOKMARK [2][-]{subsection.10.2}{\376\377\000A\000u\000t\000o\000m\000a\000t\000i\000z\000a\000c\000i\000\363\000n\000\040\000y\000\040\000A\000c\000t\000u\000a\000c\000i\000\363\000n\000\040\000L\000o\000c\000a\000l}{section.10}% 32
\BOOKMARK [2][-]{subsection.10.3}{\376\377\000T\000r\000a\000n\000s\000i\000c\000i\000o\000n\000e\000s\000\040\000c\000o\000n\000\040\000H\000i\000s\000t\000\351\000r\000e\000s\000i\000s}{section.10}% 33
\BOOKMARK [2][-]{subsection.10.4}{\376\377\000G\000e\000s\000t\000i\000\363\000n\000\040\000d\000e\000\040\000A\000l\000e\000r\000t\000a\000s\000\040\000R\000e\000m\000o\000t\000a\000s}{section.10}% 34
\BOOKMARK [1][-]{section.11}{\376\377\000C\000o\000n\000c\000u\000r\000r\000e\000n\000c\000i\000a\000\040\000y\000\040\000T\000i\000e\000m\000p\000o\000\040\000R\000e\000a\000l}{}% 35
\BOOKMARK [2][-]{subsection.11.1}{\376\377\000G\000e\000s\000t\000i\000\363\000n\000\040\000d\000e\000\040\000T\000a\000r\000e\000a\000s\000\040\000y\000\040\000P\000r\000i\000o\000r\000i\000d\000a\000d\000e\000s}{section.11}% 36
\BOOKMARK [2][-]{subsection.11.2}{\376\377\000S\000i\000n\000c\000r\000o\000n\000i\000z\000a\000c\000i\000\363\000n\000\040\000y\000\040\000C\000o\000m\000u\000n\000i\000c\000a\000c\000i\000\363\000n\000\040\000e\000n\000t\000r\000e\000\040\000T\000a\000r\000e\000a\000s}{section.11}% 37
\BOOKMARK [1][-]{section.12}{\376\377\000O\000p\000t\000i\000m\000i\000z\000a\000c\000i\000\363\000n\000\040\000y\000\040\000E\000f\000i\000c\000i\000e\000n\000c\000i\000a\000\040\000E\000n\000e\000r\000g\000\351\000t\000i\000c\000a}{}% 38
\BOOKMARK [2][-]{subsection.12.1}{\376\377\000O\000p\000t\000i\000m\000i\000z\000a\000c\000i\000\363\000n\000\040\000m\000e\000d\000i\000a\000n\000t\000e\000\040\000F\000r\000e\000e\000R\000T\000O\000S}{section.12}% 39
\BOOKMARK [2][-]{subsection.12.2}{\376\377\000E\000f\000i\000c\000i\000e\000n\000c\000i\000a\000\040\000e\000n\000\040\000l\000a\000\040\000C\000o\000m\000u\000n\000i\000c\000a\000c\000i\000\363\000n}{section.12}% 40
\BOOKMARK [1][-]{section.13}{\376\377\000R\000e\000s\000u\000l\000t\000a\000d\000o\000s\000\040\000y\000\040\000V\000a\000l\000i\000d\000a\000c\000i\000\363\000n}{}% 41
\BOOKMARK [2][-]{subsection.13.1}{\376\377\000E\000f\000i\000c\000a\000c\000i\000a\000\040\000e\000n\000\040\000l\000a\000\040\000D\000e\000t\000e\000c\000c\000i\000\363\000n\000\040\000y\000\040\000T\000i\000e\000m\000p\000o\000\040\000d\000e\000\040\000R\000e\000s\000p\000u\000e\000s\000t\000a}{section.13}% 42
\BOOKMARK [2][-]{subsection.13.2}{\376\377\000D\000e\000t\000e\000r\000m\000i\000n\000i\000s\000m\000o\000\040\000y\000\040\000E\000s\000t\000a\000b\000i\000l\000i\000d\000a\000d\000\040\000d\000e\000l\000\040\000R\000T\000O\000S}{section.13}% 43
\BOOKMARK [2][-]{subsection.13.3}{\376\377\000C\000o\000n\000e\000c\000t\000i\000v\000i\000d\000a\000d\000\040\000y\000\040\000E\000s\000c\000a\000l\000a\000b\000i\000l\000i\000d\000a\000d\000\040\000d\000e\000\040\000l\000a\000\040\000R\000e\000d}{section.13}% 44
\BOOKMARK [2][-]{subsection.13.4}{\376\377\000I\000n\000t\000e\000r\000a\000c\000c\000i\000\363\000n\000\040\000y\000\040\000U\000b\000i\000c\000u\000i\000d\000a\000d\000\040\000d\000e\000\040\000l\000a\000\040\000I\000n\000f\000o\000r\000m\000a\000c\000i\000\363\000n}{section.13}% 45
\BOOKMARK [2][-]{subsection.13.5}{\376\377\000A\000u\000t\000o\000n\000o\000m\000\355\000a\000\040\000y\000\040\000G\000e\000s\000t\000i\000\363\000n}{section.13}% 46
\BOOKMARK [1][-]{section.14}{\376\377\000C\000o\000n\000c\000l\000u\000s\000i\000o\000n\000e\000s}{}% 47
\BOOKMARK [1][-]{section.15}{\376\377\000T\000r\000a\000b\000a\000j\000o\000\040\000F\000u\000t\000u\000r\000o}{}% 48
\BOOKMARK [2][-]{subsection.15.1}{\376\377\000I\000n\000t\000e\000l\000i\000g\000e\000n\000c\000i\000a\000\040\000A\000r\000t\000i\000f\000i\000c\000i\000a\000l\000\040\000y\000\040\000A\000n\000\341\000l\000i\000s\000i\000s\000\040\000P\000r\000e\000d\000i\000c\000t\000i\000v\000o}{section.15}% 49
\BOOKMARK [2][-]{subsection.15.2}{\376\377\000O\000p\000t\000i\000m\000i\000z\000a\000c\000i\000\363\000n\000\040\000d\000e\000\040\000P\000r\000o\000t\000o\000c\000o\000l\000o\000s\000\040\000y\000\040\000S\000e\000g\000u\000r\000i\000d\000a\000d}{section.15}% 50
\BOOKMARK [1][-]{section.16}{\376\377\000R\000e\000f\000e\000r\000e\000n\000c\000i\000a\000s\000\040\000B\000i\000b\000l\000i\000o\000g\000r\000\341\000f\000i\000c\000a\000s}{}% 51
